2025-04-09 15:01:19 - INFO - 1_construct_network - SBModel - Start Stochastic Block Model
2025-04-09 15:01:19 - INFO - 1_construct_network - SBModel - Load User Data from ConcatFile
2025-04-09 15:02:13 - INFO - 1_construct_network - SBModel - Start Stochastic Block Model
2025-04-09 15:02:13 - INFO - 1_construct_network - SBModel - Load User Data from ConcatFile
2025-04-09 15:02:49 - INFO - 1_construct_network - SBModel - Finish Stochastic Block Model
2025-04-09 15:02:49 - INFO - 1_construct_network - SBModel - Return Community Data
2025-04-09 15:02:59 - INFO - 1_construct_network - BAModel - Start BAModel
2025-04-09 15:03:12 - INFO - 1_construct_network - BAModel - Start BAModel: Add m nodes
2025-04-09 15:03:59 - INFO - 1_construct_network - SBModel - Start Stochastic Block Model
2025-04-09 15:03:59 - INFO - 1_construct_network - SBModel - Load User Data from ConcatFile
2025-04-09 15:03:59 - INFO - 1_construct_network - SBModel - Finish Stochastic Block Model
2025-04-09 15:03:59 - INFO - 1_construct_network - SBModel - Return Community Data
2025-04-09 15:04:33 - INFO - 1_construct_network - BAModel - Start BAModel
2025-04-09 15:04:39 - INFO - 1_construct_network - BAModel - Start BAModel: Add m nodes
2025-04-09 15:05:01 - INFO - 1_construct_network - BAModel - m nodes completed
2025-04-09 15:05:12 - INFO - 1_construct_network - BAModel - Start BAModel: Process remaining nodes
2025-04-09 15:05:16 - INFO - 1_construct_network - BAModel - Start BAModel: Add m nodes
2025-04-09 15:05:16 - INFO - 1_construct_network - BAModel - m nodes completed
2025-04-09 15:05:16 - INFO - 1_construct_network - BAModel - Start BAModel: Process remaining nodes
2025-04-09 15:05:20 - INFO - 1_construct_network - BAModel - Start BAModel: Add m nodes
2025-04-09 15:05:20 - INFO - 1_construct_network - BAModel - m nodes completed
2025-04-09 15:05:20 - INFO - 1_construct_network - BAModel - Start BAModel: Process remaining nodes
2025-04-09 15:05:24 - INFO - 1_construct_network - BAModel - Start BAModel: Add m nodes
2025-04-09 15:05:24 - INFO - 1_construct_network - BAModel - m nodes completed
2025-04-09 15:05:24 - INFO - 1_construct_network - BAModel - Start BAModel: Process remaining nodes
2025-04-09 15:05:28 - INFO - 1_construct_network - BAModel - Start BAModel: Add m nodes
2025-04-09 15:05:28 - INFO - 1_construct_network - BAModel - m nodes completed
2025-04-09 15:05:28 - INFO - 1_construct_network - BAModel - Start BAModel: Process remaining nodes
2025-04-09 15:05:32 - INFO - 1_construct_network - BAModel - Start BAModel: Add m nodes
2025-04-09 15:05:32 - INFO - 1_construct_network - BAModel - m nodes completed
2025-04-09 15:05:32 - INFO - 1_construct_network - BAModel - Start BAModel: Process remaining nodes
2025-04-09 15:05:51 - INFO - 1_construct_network - BAModel - Finish BAModel
2025-04-09 17:12:54 - INFO - 1_construct_network - SBModel - Start Stochastic Block Model
2025-04-09 17:12:54 - INFO - 1_construct_network - SBModel - Load User Data from ConcatFile
2025-04-09 17:13:55 - INFO - 1_construct_network - SBModel - Start Stochastic Block Model
2025-04-09 17:13:55 - INFO - 1_construct_network - SBModel - Load User Data from ConcatFile
2025-04-09 17:15:57 - INFO - 1_construct_network - SBModel - Finish Stochastic Block Model
2025-04-09 17:15:57 - INFO - 1_construct_network - SBModel - Return Community Data
2025-04-09 17:16:12 - INFO - 1_construct_network - BAModel - Start BAModel
2025-04-09 17:16:13 - INFO - 1_construct_network - BAModel - Start BAModel: Add m nodes
2025-04-09 17:16:13 - INFO - 1_construct_network - BAModel - m nodes completed
2025-04-09 17:16:13 - INFO - 1_construct_network - BAModel - Start BAModel: Process remaining nodes
2025-04-09 17:16:13 - INFO - 1_construct_network - BAModel - Start BAModel: Add m nodes
2025-04-09 17:16:13 - INFO - 1_construct_network - BAModel - m nodes completed
2025-04-09 17:16:13 - INFO - 1_construct_network - BAModel - Start BAModel: Process remaining nodes
2025-04-09 17:16:13 - INFO - 1_construct_network - BAModel - Start BAModel: Add m nodes
2025-04-09 17:16:13 - INFO - 1_construct_network - BAModel - m nodes completed
2025-04-09 17:16:13 - INFO - 1_construct_network - BAModel - Start BAModel: Process remaining nodes
2025-04-09 17:16:13 - INFO - 1_construct_network - BAModel - Start BAModel: Add m nodes
2025-04-09 17:16:13 - INFO - 1_construct_network - BAModel - m nodes completed
2025-04-09 17:16:13 - INFO - 1_construct_network - BAModel - Start BAModel: Process remaining nodes
2025-04-09 17:16:13 - INFO - 1_construct_network - BAModel - Start BAModel: Add m nodes
2025-04-09 17:16:13 - INFO - 1_construct_network - BAModel - m nodes completed
2025-04-09 17:16:13 - INFO - 1_construct_network - BAModel - Start BAModel: Process remaining nodes
2025-04-09 17:16:13 - INFO - 1_construct_network - BAModel - Start BAModel: Add m nodes
2025-04-09 17:16:13 - INFO - 1_construct_network - BAModel - m nodes completed
2025-04-09 17:16:13 - INFO - 1_construct_network - BAModel - Start BAModel: Process remaining nodes
2025-04-09 17:16:13 - INFO - 1_construct_network - BAModel - Finish BAModel
2025-04-09 17:36:25 - INFO - 1_construct_network - SBModel - Start Stochastic Block Model
2025-04-09 17:36:25 - INFO - 1_construct_network - SBModel - Load User Data from ConcatFile
2025-04-09 17:36:25 - INFO - 1_construct_network - SBModel - Finish Stochastic Block Model
2025-04-09 17:36:25 - INFO - 1_construct_network - SBModel - Return Community Data
2025-04-09 17:36:25 - INFO - 1_construct_network - BAModel - Start BAModel
2025-04-09 17:36:25 - INFO - 1_construct_network - BAModel - Start BAModel: Add m nodes
2025-04-09 17:36:25 - INFO - 1_construct_network - BAModel - m nodes completed
2025-04-09 17:36:25 - INFO - 1_construct_network - BAModel - Start BAModel: Process remaining nodes
2025-04-09 17:36:25 - INFO - 1_construct_network - BAModel - Start BAModel: Add m nodes
2025-04-09 17:36:25 - INFO - 1_construct_network - BAModel - m nodes completed
2025-04-09 17:36:25 - INFO - 1_construct_network - BAModel - Start BAModel: Process remaining nodes
2025-04-09 17:36:25 - INFO - 1_construct_network - BAModel - Start BAModel: Add m nodes
2025-04-09 17:36:25 - INFO - 1_construct_network - BAModel - m nodes completed
2025-04-09 17:36:25 - INFO - 1_construct_network - BAModel - Start BAModel: Process remaining nodes
2025-04-09 17:36:25 - INFO - 1_construct_network - BAModel - Start BAModel: Add m nodes
2025-04-09 17:36:25 - INFO - 1_construct_network - BAModel - m nodes completed
2025-04-09 17:36:25 - INFO - 1_construct_network - BAModel - Start BAModel: Process remaining nodes
2025-04-09 17:36:25 - INFO - 1_construct_network - BAModel - Start BAModel: Add m nodes
2025-04-09 17:36:25 - INFO - 1_construct_network - BAModel - m nodes completed
2025-04-09 17:36:25 - INFO - 1_construct_network - BAModel - Start BAModel: Process remaining nodes
2025-04-09 17:36:25 - INFO - 1_construct_network - BAModel - Start BAModel: Add m nodes
2025-04-09 17:36:25 - INFO - 1_construct_network - BAModel - m nodes completed
2025-04-09 17:36:25 - INFO - 1_construct_network - BAModel - Start BAModel: Process remaining nodes
2025-04-09 17:36:26 - INFO - 1_construct_network - BAModel - Finish BAModel
2025-04-09 18:36:37 - INFO - 3_Concat_Human_Bots - Concat_Human_Bots - Load human data
2025-04-09 18:36:40 - INFO - 3_Concat_Human_Bots - Concat_Human_Bots - Load bot data
2025-04-09 18:40:31 - INFO - 1_construct_network - SBModel - Start Stochastic Block Model
2025-04-09 18:40:31 - INFO - 1_construct_network - SBModel - Load User Data from ConcatFile
2025-04-09 18:40:31 - INFO - 1_construct_network - SBModel - Finish Stochastic Block Model
2025-04-09 18:40:31 - INFO - 1_construct_network - SBModel - Return Community Data
2025-04-09 18:42:08 - INFO - 1_construct_network - BAModel - Start BAModel
2025-04-09 18:42:32 - INFO - 1_construct_network - SBModel - Start Stochastic Block Model
2025-04-09 18:42:32 - INFO - 1_construct_network - SBModel - Load User Data from ConcatFile
2025-04-09 18:42:32 - INFO - 1_construct_network - SBModel - Finish Stochastic Block Model
2025-04-09 18:42:32 - INFO - 1_construct_network - SBModel - Return Community Data
2025-04-09 18:42:34 - INFO - 1_construct_network - BAModel - Start BAModel
2025-04-09 18:42:34 - INFO - 1_construct_network - BAModel - Start BAModel: Add m nodes
2025-04-09 18:42:34 - INFO - 1_construct_network - BAModel - m nodes completed
2025-04-09 18:42:34 - INFO - 1_construct_network - BAModel - Start BAModel: Process remaining nodes
2025-04-09 18:42:34 - INFO - 1_construct_network - BAModel - Start BAModel: Add m nodes
2025-04-09 18:42:34 - INFO - 1_construct_network - BAModel - m nodes completed
2025-04-09 18:42:34 - INFO - 1_construct_network - BAModel - Start BAModel: Process remaining nodes
2025-04-09 18:42:34 - INFO - 1_construct_network - BAModel - Start BAModel: Add m nodes
2025-04-09 18:42:34 - INFO - 1_construct_network - BAModel - m nodes completed
2025-04-09 18:42:34 - INFO - 1_construct_network - BAModel - Start BAModel: Process remaining nodes
2025-04-09 18:42:35 - INFO - 1_construct_network - BAModel - Start BAModel: Add m nodes
2025-04-09 18:42:35 - INFO - 1_construct_network - BAModel - m nodes completed
2025-04-09 18:42:35 - INFO - 1_construct_network - BAModel - Start BAModel: Process remaining nodes
2025-04-09 18:42:35 - INFO - 1_construct_network - BAModel - Start BAModel: Add m nodes
2025-04-09 18:42:35 - INFO - 1_construct_network - BAModel - m nodes completed
2025-04-09 18:42:35 - INFO - 1_construct_network - BAModel - Start BAModel: Process remaining nodes
2025-04-09 18:42:35 - INFO - 1_construct_network - BAModel - Start BAModel: Add m nodes
2025-04-09 18:42:35 - INFO - 1_construct_network - BAModel - m nodes completed
2025-04-09 18:42:35 - INFO - 1_construct_network - BAModel - Start BAModel: Process remaining nodes
2025-04-09 18:42:35 - INFO - 1_construct_network - BAModel - Finish BAModel
2025-04-09 18:43:08 - INFO - 1_construct_network - SBModel - Start Stochastic Block Model
2025-04-09 18:43:08 - INFO - 1_construct_network - SBModel - Load User Data from ConcatFile
2025-04-09 18:43:08 - INFO - 1_construct_network - SBModel - Finish Stochastic Block Model
2025-04-09 18:43:08 - INFO - 1_construct_network - SBModel - Return Community Data
2025-04-09 18:43:08 - INFO - 1_construct_network - BAModel - Start BAModel
2025-04-09 18:43:08 - INFO - 1_construct_network - BAModel - Start BAModel: Add m nodes
2025-04-09 18:43:08 - INFO - 1_construct_network - BAModel - m nodes completed
2025-04-09 18:43:08 - INFO - 1_construct_network - BAModel - Start BAModel: Process remaining nodes
2025-04-09 18:43:08 - INFO - 1_construct_network - BAModel - Start BAModel: Add m nodes
2025-04-09 18:43:08 - INFO - 1_construct_network - BAModel - m nodes completed
2025-04-09 18:43:08 - INFO - 1_construct_network - BAModel - Start BAModel: Process remaining nodes
2025-04-09 18:43:08 - INFO - 1_construct_network - BAModel - Start BAModel: Add m nodes
2025-04-09 18:43:08 - INFO - 1_construct_network - BAModel - m nodes completed
2025-04-09 18:43:08 - INFO - 1_construct_network - BAModel - Start BAModel: Process remaining nodes
2025-04-09 18:43:08 - INFO - 1_construct_network - BAModel - Start BAModel: Add m nodes
2025-04-09 18:43:08 - INFO - 1_construct_network - BAModel - m nodes completed
2025-04-09 18:43:08 - INFO - 1_construct_network - BAModel - Start BAModel: Process remaining nodes
2025-04-09 18:43:08 - INFO - 1_construct_network - BAModel - Start BAModel: Add m nodes
2025-04-09 18:43:08 - INFO - 1_construct_network - BAModel - m nodes completed
2025-04-09 18:43:08 - INFO - 1_construct_network - BAModel - Start BAModel: Process remaining nodes
2025-04-09 18:43:08 - INFO - 1_construct_network - BAModel - Start BAModel: Add m nodes
2025-04-09 18:43:08 - INFO - 1_construct_network - BAModel - m nodes completed
2025-04-09 18:43:08 - INFO - 1_construct_network - BAModel - Start BAModel: Process remaining nodes
2025-04-09 18:43:08 - INFO - 1_construct_network - BAModel - Finish BAModel
2025-04-09 18:43:08 - INFO - 1_construct_network - BAModel - Save edge_index to file
2025-04-09 22:25:22 - INFO - Concat_Human_Bots - Concat_Human_Bots - Load human data
2025-04-09 22:25:22 - INFO - Concat_Human_Bots - Concat_Human_Bots - Load bot data
2025-04-09 22:26:05 - INFO - construct_network - SBModel - Start Stochastic Block Model
2025-04-09 22:26:05 - INFO - construct_network - SBModel - Load User Data from ConcatFile
2025-04-09 22:26:05 - INFO - construct_network - SBModel - Finish Stochastic Block Model
2025-04-09 22:26:05 - INFO - construct_network - SBModel - Return Community Data
2025-04-09 22:26:05 - INFO - construct_network - BAModel - Start BAModel
2025-04-09 22:26:05 - INFO - construct_network - BAModel - Start BAModel: Add m nodes
2025-04-09 22:26:05 - INFO - construct_network - BAModel - m nodes completed
2025-04-09 22:26:05 - INFO - construct_network - BAModel - Start BAModel: Process remaining nodes
2025-04-09 22:26:05 - INFO - construct_network - BAModel - Start BAModel: Add m nodes
2025-04-09 22:26:05 - INFO - construct_network - BAModel - m nodes completed
2025-04-09 22:26:05 - INFO - construct_network - BAModel - Start BAModel: Process remaining nodes
2025-04-09 22:26:05 - INFO - construct_network - BAModel - Start BAModel: Add m nodes
2025-04-09 22:26:05 - INFO - construct_network - BAModel - m nodes completed
2025-04-09 22:26:05 - INFO - construct_network - BAModel - Start BAModel: Process remaining nodes
2025-04-09 22:26:05 - INFO - construct_network - BAModel - Start BAModel: Add m nodes
2025-04-09 22:26:05 - INFO - construct_network - BAModel - m nodes completed
2025-04-09 22:26:05 - INFO - construct_network - BAModel - Start BAModel: Process remaining nodes
2025-04-09 22:26:05 - INFO - construct_network - BAModel - Start BAModel: Add m nodes
2025-04-09 22:26:05 - INFO - construct_network - BAModel - m nodes completed
2025-04-09 22:26:05 - INFO - construct_network - BAModel - Start BAModel: Process remaining nodes
2025-04-09 22:26:05 - INFO - construct_network - BAModel - Start BAModel: Add m nodes
2025-04-09 22:26:05 - INFO - construct_network - BAModel - m nodes completed
2025-04-09 22:26:05 - INFO - construct_network - BAModel - Start BAModel: Process remaining nodes
2025-04-09 22:26:05 - INFO - construct_network - BAModel - Finish BAModel
2025-04-09 22:26:05 - INFO - construct_network - BAModel - Save edge_index to file
2025-04-09 22:26:16 - INFO - construct_network - SBModel - Start Stochastic Block Model
2025-04-09 22:26:16 - INFO - construct_network - SBModel - Load User Data from ConcatFile
2025-04-09 22:26:16 - INFO - construct_network - SBModel - Finish Stochastic Block Model
2025-04-09 22:26:16 - INFO - construct_network - SBModel - Return Community Data
2025-04-09 22:26:30 - INFO - construct_network - BAModel - Start BAModel
2025-04-09 22:26:30 - INFO - construct_network - BAModel - Start BAModel: Add m nodes
2025-04-09 22:26:30 - INFO - construct_network - BAModel - m nodes completed
2025-04-09 22:26:30 - INFO - construct_network - BAModel - Start BAModel: Process remaining nodes
2025-04-09 22:26:30 - INFO - construct_network - BAModel - Start BAModel: Add m nodes
2025-04-09 22:26:30 - INFO - construct_network - BAModel - m nodes completed
2025-04-09 22:26:30 - INFO - construct_network - BAModel - Start BAModel: Process remaining nodes
2025-04-09 22:26:30 - INFO - construct_network - BAModel - Start BAModel: Add m nodes
2025-04-09 22:26:30 - INFO - construct_network - BAModel - m nodes completed
2025-04-09 22:26:30 - INFO - construct_network - BAModel - Start BAModel: Process remaining nodes
2025-04-09 22:26:30 - INFO - construct_network - BAModel - Start BAModel: Add m nodes
2025-04-09 22:26:30 - INFO - construct_network - BAModel - m nodes completed
2025-04-09 22:26:30 - INFO - construct_network - BAModel - Start BAModel: Process remaining nodes
2025-04-09 22:26:30 - INFO - construct_network - BAModel - Start BAModel: Add m nodes
2025-04-09 22:26:30 - INFO - construct_network - BAModel - m nodes completed
2025-04-09 22:26:30 - INFO - construct_network - BAModel - Start BAModel: Process remaining nodes
2025-04-09 22:26:30 - INFO - construct_network - BAModel - Start BAModel: Add m nodes
2025-04-09 22:26:30 - INFO - construct_network - BAModel - m nodes completed
2025-04-09 22:26:30 - INFO - construct_network - BAModel - Start BAModel: Process remaining nodes
2025-04-09 22:26:30 - INFO - construct_network - BAModel - Finish BAModel
2025-04-09 22:26:30 - INFO - construct_network - BAModel - Save edge_index to file
2025-04-10 10:01:45 - INFO - Concat_Human_Bots - Concat_Human_Bots - Load human data
2025-04-10 10:01:45 - INFO - Concat_Human_Bots - Concat_Human_Bots - Load bot data
2025-04-10 10:02:33 - INFO - construct_network - SBModel - Start Stochastic Block Model
2025-04-10 10:02:33 - INFO - construct_network - SBModel - Load User Data from ConcatFile
2025-04-10 10:02:33 - INFO - construct_network - SBModel - Finish Stochastic Block Model
2025-04-10 10:02:33 - INFO - construct_network - SBModel - Return Community Data
2025-04-10 10:03:31 - INFO - construct_network - BAModel - Start BAModel
2025-04-10 10:03:31 - INFO - construct_network - BAModel - Start BAModel: Add m nodes
2025-04-10 10:03:31 - INFO - construct_network - BAModel - m nodes completed
2025-04-10 10:03:31 - INFO - construct_network - BAModel - Start BAModel: Process remaining nodes
2025-04-10 10:03:31 - INFO - construct_network - BAModel - Start BAModel: Add m nodes
2025-04-10 10:03:31 - INFO - construct_network - BAModel - m nodes completed
2025-04-10 10:03:31 - INFO - construct_network - BAModel - Start BAModel: Process remaining nodes
2025-04-10 10:03:31 - INFO - construct_network - BAModel - Start BAModel: Add m nodes
2025-04-10 10:03:31 - INFO - construct_network - BAModel - m nodes completed
2025-04-10 10:03:31 - INFO - construct_network - BAModel - Start BAModel: Process remaining nodes
2025-04-10 10:03:31 - INFO - construct_network - BAModel - Start BAModel: Add m nodes
2025-04-10 10:03:31 - INFO - construct_network - BAModel - m nodes completed
2025-04-10 10:03:31 - INFO - construct_network - BAModel - Start BAModel: Process remaining nodes
2025-04-10 10:03:31 - INFO - construct_network - BAModel - Start BAModel: Add m nodes
2025-04-10 10:03:31 - INFO - construct_network - BAModel - m nodes completed
2025-04-10 10:03:31 - INFO - construct_network - BAModel - Start BAModel: Process remaining nodes
2025-04-10 10:03:31 - INFO - construct_network - BAModel - Start BAModel: Add m nodes
2025-04-10 10:03:31 - INFO - construct_network - BAModel - m nodes completed
2025-04-10 10:03:31 - INFO - construct_network - BAModel - Start BAModel: Process remaining nodes
2025-04-10 10:03:31 - INFO - construct_network - BAModel - Finish BAModel
2025-04-10 10:03:31 - INFO - construct_network - BAModel - Save edge_index to file
